<?xml version="1.0" encoding="UTF-8"?>
<!-- Generated by org.testng.reporters.JUnitReportReporter -->
<testsuite hostname="DESKTOP-U0TNFHN" failures="0" tests="5" name="dewanTests.ReturnSalesFullTransactionTest" time="0.000" errors="0" timestamp="2022-03-16T14:27:13 EET" skipped="5">
  <testcase classname="dewanTests.ReturnSalesFullTransactionTest" name="UserCanLogin" time="0.000">
    <skipped/>
  </testcase> <!-- UserCanLogin -->
  <system-out/>
  <testcase classname="dewanTests.ReturnSalesFullTransactionTest" name="EnterQuickSalesApp" time="0.000">
    <skipped/>
  </testcase> <!-- EnterQuickSalesApp -->
  <system-out/>
  <testcase classname="dewanTests.ReturnSalesFullTransactionTest" name="OpenRS" time="0.000">
    <skipped/>
  </testcase> <!-- OpenRS -->
  <system-out/>
  <testcase classname="dewanTests.ReturnSalesFullTransactionTest" name="RSFullTransaction" time="0.000">
    <skipped/>
  </testcase> <!-- RSFullTransaction -->
  <system-out/>
  <testcase classname="dewanTests.ReturnSalesFullTransactionTest" name="UserCanLogout" time="0.000">
    <skipped/>
  </testcase> <!-- UserCanLogout -->
  <system-out/>
</testsuite> <!-- dewanTests.ReturnSalesFullTransactionTest -->
