<?xml version="1.0" encoding="UTF-8"?>
<!-- Generated by org.testng.reporters.JUnitReportReporter -->
<testsuite hostname="DESKTOP-U0TNFHN" failures="0" tests="2" name="dewanTests.UserLoginTest" time="13.790" errors="0" timestamp="2022-04-26T13:37:12 EET" skipped="0">
  <testcase classname="dewanTests.UserLoginTest" name="UserCanLogin" time="10.629"/>
  <system-out/>
  <testcase classname="dewanTests.UserLoginTest" name="UserCanLogout" time="3.161"/>
  <system-out/>
</testsuite> <!-- dewanTests.UserLoginTest -->
