<?xml version="1.0" encoding="UTF-8"?>
<!-- Generated by org.testng.reporters.JUnitReportReporter -->
<testsuite hostname="DESKTOP-U0TNFHN" failures="0" tests="3" name="dewanTests.ApplicationsHomePageTest" time="22.634" errors="0" timestamp="2022-01-05T17:05:16 EET" skipped="1">
  <testcase classname="dewanTests.ApplicationsHomePageTest" name="UserCanLogin" time="17.326"/>
  <system-out/>
  <testcase classname="dewanTests.ApplicationsHomePageTest" name="EnterQuickSalesApp" time="5.308"/>
  <system-out/>
  <testcase classname="dewanTests.ApplicationsHomePageTest" name="EnterTasksAndWorkflowApp">
    <skipped/>
  </testcase> <!-- EnterTasksAndWorkflowApp -->
  <system-out/>
</testsuite> <!-- dewanTests.ApplicationsHomePageTest -->
