<?xml version="1.0" encoding="UTF-8"?>
<!-- Generated by org.testng.reporters.JUnitReportReporter -->
<testsuite hostname="DESKTOP-U0TNFHN" failures="0" tests="1" name="dewanTests.QuickSalesTest" time="17.391" errors="0" timestamp="2022-01-03T13:20:58 EET" skipped="0">
  <testcase classname="dewanTests.QuickSalesTest" name="UserCanOpenSalesTransaction" time="17.391"/>
  <system-out/>
</testsuite> <!-- dewanTests.QuickSalesTest -->
