<?xml version="1.0" encoding="UTF-8"?>
<!-- Generated by org.testng.reporters.JUnitReportReporter -->
<testsuite hostname="DESKTOP-U0TNFHN" failures="0" tests="7" name="dewanTests.QS_SalesTest" time="29.678" errors="0" timestamp="2021-12-01T13:36:24 EET" skipped="0">
  <testcase classname="dewanTests.QS_SalesTest" name="UserCanLogin" time="5.901"/>
  <system-out/>
  <testcase classname="dewanTests.QS_SalesTest" name="EnterQuickSalesApp" time="0.970"/>
  <system-out/>
  <testcase classname="dewanTests.QS_SalesTest" name="UserCanOpenSalesTransaction" time="2.882"/>
  <system-out/>
  <testcase classname="dewanTests.QS_SalesTest" name="UserCanFilterSalesData" time="8.042"/>
  <system-out/>
  <testcase classname="dewanTests.QS_SalesTest" name="UserCanExportToExcel" time="0.528"/>
  <system-out/>
  <testcase classname="dewanTests.QS_SalesTest" name="GetAllDataInTheTable" time="9.400"/>
  <system-out/>
  <testcase classname="dewanTests.QS_SalesTest" name="UserCanLogout" time="1.955"/>
  <system-out/>
</testsuite> <!-- dewanTests.QS_SalesTest -->
