<?xml version="1.0" encoding="UTF-8"?>
<!-- Generated by org.testng.reporters.JUnitReportReporter -->
<testsuite hostname="DESKTOP-U0TNFHN" failures="0" tests="2" name="dewanTests.PurchaseFillFiltersDataTest" time="35.147" errors="0" timestamp="2022-01-23T12:13:37 EET" skipped="0">
  <testcase classname="dewanTests.PurchaseFillFiltersDataTest" name="FillFilterTest" time="29.291"/>
  <system-out/>
  <testcase classname="dewanTests.PurchaseFillFiltersDataTest" name="ClickOnExportBtn" time="5.856"/>
  <system-out/>
</testsuite> <!-- dewanTests.PurchaseFillFiltersDataTest -->
