<?xml version="1.0" encoding="UTF-8"?>
<!-- Generated by org.testng.reporters.JUnitReportReporter -->
<testsuite hostname="DESKTOP-U0TNFHN" failures="0" tests="1" name="dewanTests.PurchaseFullTransactionTest" time="0.000" errors="0" timestamp="2022-03-16T14:27:13 EET" skipped="1">
  <testcase classname="dewanTests.PurchaseFullTransactionTest" name="PurchaseFullTransaction" time="0.000">
    <skipped/>
  </testcase> <!-- PurchaseFullTransaction -->
  <system-out/>
</testsuite> <!-- dewanTests.PurchaseFullTransactionTest -->
