<?xml version="1.0" encoding="UTF-8"?>
<!-- Generated by org.testng.reporters.JUnitReportReporter -->
<testsuite hostname="DESKTOP-U0TNFHN" failures="0" tests="3" name="dewanTests.ReturnPurchaseFillFiltersDataTest" time="39.755" errors="0" timestamp="2022-01-25T16:24:56 EET" skipped="0">
  <testcase classname="dewanTests.ReturnPurchaseFillFiltersDataTest" name="FillFilterTest" time="32.121"/>
  <system-out/>
  <testcase classname="dewanTests.ReturnPurchaseFillFiltersDataTest" name="ClickOnExportBtn" time="5.776"/>
  <system-out/>
  <testcase classname="dewanTests.ReturnPurchaseFillFiltersDataTest" name="LogOut" time="1.858"/>
  <system-out/>
</testsuite> <!-- dewanTests.ReturnPurchaseFillFiltersDataTest -->
