<?xml version="1.0" encoding="UTF-8"?>
<!-- Generated by org.testng.reporters.JUnitReportReporter -->
<testsuite hostname="DESKTOP-U0TNFHN" failures="0" tests="1" name="dewanTests.NewSalesOrderTest" time="80.757" errors="0" timestamp="2022-01-23T15:01:11 EET" skipped="0">
  <testcase classname="dewanTests.NewSalesOrderTest" name="CreateNewSalesOrder" time="80.757"/>
  <system-out/>
</testsuite> <!-- dewanTests.NewSalesOrderTest -->
