<?xml version="1.0" encoding="UTF-8"?>
<!-- Generated by org.testng.reporters.JUnitReportReporter -->
<testsuite hostname="DESKTOP-U0TNFHN" failures="0" tests="1" name="dewanTests.ReturnSalesFillFiltersDataTest" time="45.249" errors="0" timestamp="2022-01-10T11:11:03 EET" skipped="0">
  <testcase classname="dewanTests.ReturnSalesFillFiltersDataTest" name="FillFilterTest" time="45.249"/>
  <system-out/>
</testsuite> <!-- dewanTests.ReturnSalesFillFiltersDataTest -->
