<?xml version="1.0" encoding="UTF-8"?>
<!-- Generated by org.testng.reporters.JUnitReportReporter -->
<testsuite hostname="DESKTOP-U0TNFHN" failures="0" tests="2" name="dewanTests.QuickSalesHomeTest" time="8.973" errors="0" timestamp="2021-11-23T17:00:24 EET" skipped="0">
  <testcase classname="dewanTests.QuickSalesHomeTest" name="UserCanLogin" time="7.458"/>
  <system-out/>
  <testcase classname="dewanTests.QuickSalesHomeTest" name="EnterQuickSalesApp" time="1.515"/>
  <system-out/>
</testsuite> <!-- dewanTests.QuickSalesHomeTest -->
