<?xml version="1.0" encoding="UTF-8"?>
<!-- Generated by org.testng.reporters.JUnitReportReporter -->
<testsuite hostname="DESKTOP-U0TNFHN" failures="0" tests="4" name="dewanTests.UserLoginTestWithDDTUsingExcel" time="33.952" errors="0" timestamp="2022-01-05T17:09:14 EET" skipped="0">
  <testcase classname="dewanTests.UserLoginTestWithDDTUsingExcel" name="UserCanLogin" time="12.747"/>
  <system-out/>
  <testcase classname="dewanTests.UserLoginTestWithDDTUsingExcel" name="UserCanLogin" time="8.173"/>
  <system-out/>
  <testcase classname="dewanTests.UserLoginTestWithDDTUsingExcel" name="UserCanLogin" time="7.375"/>
  <system-out/>
  <testcase classname="dewanTests.UserLoginTestWithDDTUsingExcel" name="UserCanLogin" time="5.657"/>
  <system-out/>
</testsuite> <!-- dewanTests.UserLoginTestWithDDTUsingExcel -->
