<?xml version="1.0" encoding="UTF-8"?>
<!-- Generated by org.testng.reporters.JUnitReportReporter -->
<testsuite hostname="DESKTOP-U0TNFHN" failures="0" tests="2" name="dewanTests.UserLoginTest" time="11.187" errors="0" timestamp="2022-01-04T14:20:48 EET" skipped="0">
  <testcase classname="dewanTests.UserLoginTest" name="UserCanLogin" time="8.390"/>
  <system-out/>
  <testcase classname="dewanTests.UserLoginTest" name="UserCanLogout" time="2.797"/>
  <system-out/>
</testsuite> <!-- dewanTests.UserLoginTest -->
