<?xml version="1.0" encoding="UTF-8"?>
<!-- Generated by org.testng.reporters.JUnitReportReporter -->
<testsuite hostname="DESKTOP-U0TNFHN" failures="0" tests="1" name="dewanTests.SalesFullTransactionTest" time="80.926" errors="0" timestamp="2022-01-25T16:51:15 EET" skipped="0">
  <testcase classname="dewanTests.SalesFullTransactionTest" name="CreateNewSalesOrder" time="80.926"/>
  <system-out/>
</testsuite> <!-- dewanTests.SalesFullTransactionTest -->
